<?xml version="1.0" encoding="UTF-8"?>
<testsuite name="TestNamedArguments" tests="1" skipped="0" failures="0" errors="0" timestamp="2025-04-07T12:13:05" hostname="LAPTOP-MU9QFDCG" time="0.032">
  <properties/>
  <testcase name="testJoinToString" classname="TestNamedArguments" time="0.032"/>
  <system-out><![CDATA[]]></system-out>
  <system-err><![CDATA[]]></system-err>
</testsuite>
