<?xml version="1.0" encoding="UTF-8"?>
<testsuite name="Test" tests="2" skipped="0" failures="0" errors="0" timestamp="2025-04-08T14:26:49" hostname="LAPTOP-MU9QFDCG" time="0.009">
  <properties/>
  <testcase name="testNegative" classname="Test" time="0.008"/>
  <testcase name="testLargeNumber" classname="Test" time="0.001"/>
  <system-out><![CDATA[]]></system-out>
  <system-err><![CDATA[]]></system-err>
</testsuite>
